<?xml version="1.0" encoding="UTF-8"?>
<suite name="SanityCheck suites root">
  <suite-files>
    <suite-file path="./test-s-2.xml"/>
    <suite-file path="./test-s-3.xml"/>
  </suite-files>
</suite>
