<?xml version="1.0" encoding="utf-8"?>
<!-- Copyright (C) 2017 The Android Open Source Project

     Licensed under the Apache License, Version 2.0 (the "License");
     you may not use this file except in compliance with the License.
     You may obtain a copy of the License at

          http://www.apache.org/licenses/LICENSE-2.0

     Unless required by applicable law or agreed to in writing, software
     distributed under the License is distributed on an "AS IS" BASIS,
     WITHOUT WARRANTIES OR CONDITIONS OF ANY KIND, either express or implied.
     See the License for the specific language governing permissions and
     limitations under the License.
-->
<configuration
    description="test for multiple device receiving options, with an include">

    <device name="device1" >
        <build_provider class="com.android.tradefed.build.StubBuildProvider" />
        <device_recovery class="com.android.tradefed.device.WaitDeviceRecovery" />
        <target_preparer class="com.android.tradefed.targetprep.StubTargetPreparer" />
    </device>
    <device name="device2" >
        <include name="mandatory-config" />
        <target_preparer class="com.android.tradefed.targetprep.StubTargetPreparer" />
    </device>
</configuration>
