<?xml version="1.0" encoding="utf-8"?>
<!-- Copyright (C) 2010 The Android Open Source Project

     Licensed under the Apache License, Version 2.0 (the "License");
     you may not use this file except in compliance with the License.
     You may obtain a copy of the License at

          http://www.apache.org/licenses/LICENSE-2.0

     Unless required by applicable law or agreed to in writing, software
     distributed under the License is distributed on an "AS IS" BASIS,
     WITHOUT WARRANTIES OR CONDITIONS OF ANY KIND, either express or implied.
     See the License for the specific language governing permissions and
     limitations under the License.
-->
<configuration
    description="test that jar plugins to Tradefed can contribute config.xml">

    <build_provider class="com.android.tradefed.build.StubBuildProvider" />
    <device_recovery class="com.android.tradefed.device.WaitDeviceRecovery" />
    <target_preparer class="com.android.tradefed.targetprep.StubTargetPreparer" />
    <test class="com.android.tradefed.config.StubOptionTest" >
        <option name="option" value="valueFromTestConfig" />
    </test>
    <logger class="com.android.tradefed.log.FileLogger" />
    <result_reporter class="com.android.tradefed.result.XmlResultReporter" />

</configuration>
